#
# There is insufficient memory for the Java Runtime Environment to continue.
# Native memory allocation (malloc) failed to allocate 1244336 bytes for Chunk::new
# Possible reasons:
#   The system is out of physical RAM or swap space
#   In 32 bit mode, the process size limit was hit
# Possible solutions:
#   Reduce memory load on the system
#   Increase physical memory or swap space
#   Check if swap backing store is full
#   Use 64 bit Java on a 64 bit OS
#   Decrease Java heap size (-Xmx/-Xms)
#   Decrease number of Java threads
#   Decrease Java thread stack sizes (-Xss)
#   Set larger code cache with -XX:ReservedCodeCacheSize=
# This output file may be truncated or incomplete.
#
Out of Memory Error (allocation.cpp:390), pid=14224, tid=0x0000000000002f64
#
# JRE version: OpenJDK Runtime Environment (8.0_152-b01) (build 1.8.0_152-release-915-b01)
# Java VM: OpenJDK 64-Bit Server VM (25.152-b01 mixed mode windows-amd64 compressed oops)
# Failed to write core dump. Minidumps are not enabled by default on client versions of Windows
#

---------------  T H R E A D  ---------------

Current thread (0x0000000018fba800):  JavaThread "C2 CompilerThread2" daemon [_thread_in_native, id=12132, stack(0x000000001b8b0000,0x000000001b9b0000)]

Stack: [0x000000001b8b0000,0x000000001b9b0000]
[error occurred during error reporting (printing stack bounds), id 0xc0000005]

Native frames: (J=compiled Java code, j=interpreted, Vv=VM code, C=native code)


Current CompileTask:
C2:6785182 24997       4       org.jetbrains.kotlin.serialization.DescriptorSerializer::fillFromPossiblyInnerType (166 bytes)


---------------  P R O C E S S  ---------------

Java Threads: ( => current thread )
  0x000000001ff9b800 JavaThread "RMI RenewClean-[localhost:60240,org.jetbrains.kotlin.daemon.common.LoopbackNetworkInterface$ClientLoopbackSocketFactory@6fabcd04]" daemon [_thread_blocked, id=3292, stack(0x000000002beb0000,0x000000002bfb0000)]
  0x000000001ff92000 JavaThread "RMI TCP Connection(77)-127.0.0.1" daemon [_thread_in_native, id=9204, stack(0x000000002bdb0000,0x000000002beb0000)]
  0x000000001ff98800 JavaThread "RMI TCP Connection(76)-127.0.0.1" daemon [_thread_in_native, id=11308, stack(0x000000002bcb0000,0x000000002bdb0000)]
  0x000000001ff8f800 JavaThread "RMI TCP Connection(75)-127.0.0.1" daemon [_thread_in_native, id=872, stack(0x000000002bbb0000,0x000000002bcb0000)]
  0x000000001ff91000 JavaThread "RMI TCP Connection(74)-127.0.0.1" daemon [_thread_in_native, id=6508, stack(0x000000002bab0000,0x000000002bbb0000)]
  0x000000001fe1c000 JavaThread "RMI RenewClean-[localhost:60240,org.jetbrains.kotlin.daemon.common.LoopbackNetworkInterface$ClientLoopbackSocketFactory@49631040]" daemon [_thread_blocked, id=18232, stack(0x000000002b2b0000,0x000000002b3b0000)]
  0x000000001ff9a000 JavaThread "RMI RenewClean-[localhost:60240,org.jetbrains.kotlin.daemon.common.LoopbackNetworkInterface$ClientLoopbackSocketFactory@b4c46e0]" daemon [_thread_blocked, id=10956, stack(0x000000002a8b0000,0x000000002a9b0000)]
  0x000000001ff92800 JavaThread "RMI RenewClean-[localhost:60240,org.jetbrains.kotlin.daemon.common.LoopbackNetworkInterface$ClientLoopbackSocketFactory@7da711be]" daemon [_thread_blocked, id=1168, stack(0x000000002a1b0000,0x000000002a2b0000)]
  0x000000001c084800 JavaThread "RMI Scheduler(0)" daemon [_thread_blocked, id=19436, stack(0x000000001d3d0000,0x000000001d4d0000)]
  0x00000000050f2800 JavaThread "DestroyJavaVM" [_thread_blocked, id=20716, stack(0x0000000004ff0000,0x00000000050f0000)]
  0x000000001c000800 JavaThread "GC Daemon" daemon [_thread_blocked, id=19684, stack(0x000000001cbf0000,0x000000001ccf0000)]
  0x000000001bf95800 JavaThread "RMI Reaper" [_thread_blocked, id=8036, stack(0x000000001caf0000,0x000000001cbf0000)]
  0x000000001bf6c000 JavaThread "Timer-0" daemon [_thread_blocked, id=14280, stack(0x000000001c8f0000,0x000000001c9f0000)]
  0x000000001bda0000 JavaThread "RMI TCP Accept-17864" daemon [_thread_in_native, id=9936, stack(0x000000001c7f0000,0x000000001c8f0000)]
  0x000000001af96000 JavaThread "Service Thread" daemon [_thread_blocked, id=7540, stack(0x000000001bab0000,0x000000001bbb0000)]
  0x0000000018fbe800 JavaThread "C1 CompilerThread3" daemon [_thread_blocked, id=12272, stack(0x000000001b9b0000,0x000000001bab0000)]
=>0x0000000018fba800 JavaThread "C2 CompilerThread2" daemon [_thread_in_native, id=12132, stack(0x000000001b8b0000,0x000000001b9b0000)]
  0x000000001aeed000 JavaThread "C2 CompilerThread1" daemon [_thread_in_native, id=14232, stack(0x000000001b7b0000,0x000000001b8b0000)]
  0x000000001aee9800 JavaThread "C2 CompilerThread0" daemon [_thread_in_native, id=3344, stack(0x000000001b6b0000,0x000000001b7b0000)]
  0x000000001aee8000 JavaThread "Attach Listener" daemon [_thread_blocked, id=17964, stack(0x000000001b5b0000,0x000000001b6b0000)]
  0x000000001aee7800 JavaThread "Signal Dispatcher" daemon [_thread_blocked, id=10472, stack(0x000000001b4b0000,0x000000001b5b0000)]
  0x000000001aee0800 JavaThread "Finalizer" daemon [_thread_blocked, id=4884, stack(0x000000001b2c0000,0x000000001b3c0000)]
  0x00000000051e6000 JavaThread "Reference Handler" daemon [_thread_blocked, id=2220, stack(0x000000001adc0000,0x000000001aec0000)]

Other Threads:
  0x0000000018fa5800 VMThread [stack: 0x000000001acc0000,0x000000001adc0000] [id=7588]
  0x000000001af97000 WatcherThread [stack: 0x000000001bbb0000,0x000000001bcb0000] [id=19920]

VM state:not at safepoint (normal execution)

VM Mutex/Monitor currently owned by a thread: None

Heap:
 PSYoungGen      total 376320K, used 147984K [0x00000000e0000000, 0x00000000ffa80000, 0x0000000100000000)
  eden space 234496K, 63% used [0x00000000e0000000,0x00000000e90842d8,0x00000000ee500000)
  from space 141824K, 0% used [0x00000000f6f80000,0x00000000f6f80000,0x00000000ffa00000)
  to   space 141824K, 0% used [0x00000000ee500000,0x00000000ee500000,0x00000000f6f80000)
 ParOldGen       total 515584K, used 324619K [0x00000000a0000000, 0x00000000bf780000, 0x00000000e0000000)
  object space 515584K, 62% used [0x00000000a0000000,0x00000000b3d02d78,0x00000000bf780000)
 Metaspace       used 84942K, capacity 87043K, committed 95360K, reserved 1134592K
  class space    used 9479K, capacity 9941K, committed 11136K, reserved 1048576K

Card table byte_map: [0x00000000145b0000,0x00000000148c0000] byte_map_base: 0x00000000140b0000

Marking Bits: (ParMarkBitMap*) 0x000000006f723950
 Begin Bits: [0x00000000152c0000, 0x0000000016ac0000)
 End Bits:   [0x0000000016ac0000, 0x00000000182c0000)

Polling page: 0x0000000004ec0000

CodeCache: size=245760Kb used=73849Kb max_used=76193Kb free=171910Kb
 bounds [0x00000000051f0000, 0x0000000009cc0000, 0x00000000141f0000]
 total_blobs=19349 nmethods=18781 adapters=477
 compilation: enabled

Compilation events (10 events):
Event: 6783.571 Thread 0x0000000018fbe800 25109       3       org.jetbrains.kotlin.kapt3.stubs.AnonymousTypeHandler::getNonAnonymousType (79 bytes)
Event: 6783.573 Thread 0x0000000018fbe800 nmethod 25109 0x00000000077aa190 code [0x00000000077aa380, 0x00000000077aaec8]
Event: 6783.578 Thread 0x0000000018fbe800 25110       3       org.jetbrains.kotlin.kapt3.stubs.ClassFileToSourceStubConverter::convertAnnotationArgument (908 bytes)
Event: 6783.589 Thread 0x0000000018fbe800 nmethod 25110 0x0000000008508750 code [0x00000000085090e0, 0x0000000008510028]
Event: 6783.589 Thread 0x0000000018fbe800 25111       3       org.jetbrains.kotlin.kapt3.stubs.ClassFileToSourceStubConverter$convertAnnotationArgument$singleArg$2::<init> (11 bytes)
Event: 6783.590 Thread 0x0000000018fbe800 nmethod 25111 0x00000000062109d0 code [0x0000000006210b40, 0x0000000006210d70]
Event: 6783.590 Thread 0x0000000018fbe800 25112       3       org.jetbrains.kotlin.kapt3.stubs.ClassFileToSourceStubConverterKt::access$isOfPrimiviteType (5 bytes)
Event: 6783.590 Thread 0x0000000018fbe800 nmethod 25112 0x0000000008e86bd0 code [0x0000000008e86d40, 0x0000000008e86ea8]
Event: 6783.637 Thread 0x0000000018fbe800 25115   !   3       java.util.Formatter::format (271 bytes)
Event: 6783.640 Thread 0x0000000018fbe800 nmethod 25115 0x00000000068df110 code [0x00000000068df3c0, 0x00000000068e04a8]

GC Heap History (10 events):
Event: 3819.771 GC heap before
{Heap before GC invocations=35 (full 6):
 PSYoungGen      total 358400K, used 229482K [0x00000000e0000000, 0x00000000ff500000, 0x0000000100000000)
  eden space 204800K, 100% used [0x00000000e0000000,0x00000000ec800000,0x00000000ec800000)
  from space 153600K, 16% used [0x00000000f5f00000,0x00000000f771aaa8,0x00000000ff500000)
  to   space 154112K, 0% used [0x00000000ec800000,0x00000000ec800000,0x00000000f5e80000)
 ParOldGen       total 515584K, used 396435K [0x00000000a0000000, 0x00000000bf780000, 0x00000000e0000000)
  object space 515584K, 76% used [0x00000000a0000000,0x00000000b8324f00,0x00000000bf780000)
 Metaspace       used 87776K, capacity 90291K, committed 90496K, reserved 1128448K
  class space    used 9825K, capacity 10463K, committed 10624K, reserved 1048576K
Event: 3819.792 GC heap after
Heap after GC invocations=35 (full 6):
 PSYoungGen      total 358912K, used 11959K [0x00000000e0000000, 0x00000000ffe80000, 0x0000000100000000)
  eden space 204800K, 0% used [0x00000000e0000000,0x00000000e0000000,0x00000000ec800000)
  from space 154112K, 7% used [0x00000000ec800000,0x00000000ed3adc20,0x00000000f5e80000)
  to   space 153088K, 0% used [0x00000000f6900000,0x00000000f6900000,0x00000000ffe80000)
 ParOldGen       total 515584K, used 416955K [0x00000000a0000000, 0x00000000bf780000, 0x00000000e0000000)
  object space 515584K, 80% used [0x00000000a0000000,0x00000000b972ee58,0x00000000bf780000)
 Metaspace       used 87776K, capacity 90291K, committed 90496K, reserved 1128448K
  class space    used 9825K, capacity 10463K, committed 10624K, reserved 1048576K
}
Event: 5756.906 GC heap before
{Heap before GC invocations=36 (full 6):
 PSYoungGen      total 358912K, used 216759K [0x00000000e0000000, 0x00000000ffe80000, 0x0000000100000000)
  eden space 204800K, 100% used [0x00000000e0000000,0x00000000ec800000,0x00000000ec800000)
  from space 154112K, 7% used [0x00000000ec800000,0x00000000ed3adc20,0x00000000f5e80000)
  to   space 153088K, 0% used [0x00000000f6900000,0x00000000f6900000,0x00000000ffe80000)
 ParOldGen       total 515584K, used 416955K [0x00000000a0000000, 0x00000000bf780000, 0x00000000e0000000)
  object space 515584K, 80% used [0x00000000a0000000,0x00000000b972ee58,0x00000000bf780000)
 Metaspace       used 88145K, capacity 90743K, committed 91008K, reserved 1130496K
  class space    used 9863K, capacity 10505K, committed 10624K, reserved 1048576K
Event: 5756.942 GC heap after
Heap after GC invocations=36 (full 6):
 PSYoungGen      total 359424K, used 32334K [0x00000000e0000000, 0x00000000ff400000, 0x0000000100000000)
  eden space 217088K, 0% used [0x00000000e0000000,0x00000000e0000000,0x00000000ed400000)
  from space 142336K, 22% used [0x00000000f6900000,0x00000000f8893978,0x00000000ff400000)
  to   space 147456K, 0% used [0x00000000ed400000,0x00000000ed400000,0x00000000f6400000)
 ParOldGen       total 515584K, used 425370K [0x00000000a0000000, 0x00000000bf780000, 0x00000000e0000000)
  object space 515584K, 82% used [0x00000000a0000000,0x00000000b9f66be0,0x00000000bf780000)
 Metaspace       used 88145K, capacity 90743K, committed 91008K, reserved 1130496K
  class space    used 9863K, capacity 10505K, committed 10624K, reserved 1048576K
}
Event: 5759.982 GC heap before
{Heap before GC invocations=37 (full 6):
 PSYoungGen      total 359424K, used 249422K [0x00000000e0000000, 0x00000000ff400000, 0x0000000100000000)
  eden space 217088K, 100% used [0x00000000e0000000,0x00000000ed400000,0x00000000ed400000)
  from space 142336K, 22% used [0x00000000f6900000,0x00000000f8893978,0x00000000ff400000)
  to   space 147456K, 0% used [0x00000000ed400000,0x00000000ed400000,0x00000000f6400000)
 ParOldGen       total 515584K, used 425370K [0x00000000a0000000, 0x00000000bf780000, 0x00000000e0000000)
  object space 515584K, 82% used [0x00000000a0000000,0x00000000b9f66be0,0x00000000bf780000)
 Metaspace       used 89231K, capacity 91777K, committed 91904K, reserved 1130496K
  class space    used 9977K, capacity 10652K, committed 10752K, reserved 1048576K
Event: 5760.001 GC heap after
Heap after GC invocations=37 (full 6):
 PSYoungGen      total 364544K, used 31395K [0x00000000e0000000, 0x00000000ffa00000, 0x0000000100000000)
  eden space 217088K, 0% used [0x00000000e0000000,0x00000000e0000000,0x00000000ed400000)
  from space 147456K, 21% used [0x00000000ed400000,0x00000000ef2a8de8,0x00000000f6400000)
  to   space 141824K, 0% used [0x00000000f6f80000,0x00000000f6f80000,0x00000000ffa00000)
 ParOldGen       total 515584K, used 428411K [0x00000000a0000000, 0x00000000bf780000, 0x00000000e0000000)
  object space 515584K, 83% used [0x00000000a0000000,0x00000000ba25ef38,0x00000000bf780000)
 Metaspace       used 89231K, capacity 91777K, committed 91904K, reserved 1130496K
  class space    used 9977K, capacity 10652K, committed 10752K, reserved 1048576K
}
Event: 6781.063 GC heap before
{Heap before GC invocations=38 (full 6):
 PSYoungGen      total 364544K, used 248483K [0x00000000e0000000, 0x00000000ffa00000, 0x0000000100000000)
  eden space 217088K, 100% used [0x00000000e0000000,0x00000000ed400000,0x00000000ed400000)
  from space 147456K, 21% used [0x00000000ed400000,0x00000000ef2a8de8,0x00000000f6400000)
  to   space 141824K, 0% used [0x00000000f6f80000,0x00000000f6f80000,0x00000000ffa00000)
 ParOldGen       total 515584K, used 428411K [0x00000000a0000000, 0x00000000bf780000, 0x00000000e0000000)
  object space 515584K, 83% used [0x00000000a0000000,0x00000000ba25ef38,0x00000000bf780000)
 Metaspace       used 92350K, capacity 95115K, committed 95360K, reserved 1134592K
  class space    used 10323K, capacity 11005K, committed 11136K, reserved 1048576K
Event: 6781.147 GC heap after
Heap after GC invocations=38 (full 6):
 PSYoungGen      total 376320K, used 76178K [0x00000000e0000000, 0x00000000ffa80000, 0x0000000100000000)
  eden space 234496K, 0% used [0x00000000e0000000,0x00000000e0000000,0x00000000ee500000)
  from space 141824K, 53% used [0x00000000f6f80000,0x00000000fb9e4978,0x00000000ffa00000)
  to   space 141824K, 0% used [0x00000000ee500000,0x00000000ee500000,0x00000000f6f80000)
 ParOldGen       total 515584K, used 452366K [0x00000000a0000000, 0x00000000bf780000, 0x00000000e0000000)
  object space 515584K, 87% used [0x00000000a0000000,0x00000000bb9c3a98,0x00000000bf780000)
 Metaspace       used 92350K, capacity 95115K, committed 95360K, reserved 1134592K
  class space    used 10323K, capacity 11005K, committed 11136K, reserved 1048576K
}
Event: 6781.147 GC heap before
{Heap before GC invocations=39 (full 7):
 PSYoungGen      total 376320K, used 76178K [0x00000000e0000000, 0x00000000ffa80000, 0x0000000100000000)
  eden space 234496K, 0% used [0x00000000e0000000,0x00000000e0000000,0x00000000ee500000)
  from space 141824K, 53% used [0x00000000f6f80000,0x00000000fb9e4978,0x00000000ffa00000)
  to   space 141824K, 0% used [0x00000000ee500000,0x00000000ee500000,0x00000000f6f80000)
 ParOldGen       total 515584K, used 452366K [0x00000000a0000000, 0x00000000bf780000, 0x00000000e0000000)
  object space 515584K, 87% used [0x00000000a0000000,0x00000000bb9c3a98,0x00000000bf780000)
 Metaspace       used 92350K, capacity 95115K, committed 95360K, reserved 1134592K
  class space    used 10323K, capacity 11005K, committed 11136K, reserved 1048576K
Event: 6782.636 GC heap after
Heap after GC invocations=39 (full 7):
 PSYoungGen      total 376320K, used 0K [0x00000000e0000000, 0x00000000ffa80000, 0x0000000100000000)
  eden space 234496K, 0% used [0x00000000e0000000,0x00000000e0000000,0x00000000ee500000)
  from space 141824K, 0% used [0x00000000f6f80000,0x00000000f6f80000,0x00000000ffa00000)
  to   space 141824K, 0% used [0x00000000ee500000,0x00000000ee500000,0x00000000f6f80000)
 ParOldGen       total 515584K, used 324619K [0x00000000a0000000, 0x00000000bf780000, 0x00000000e0000000)
  object space 515584K, 62% used [0x00000000a0000000,0x00000000b3d02d78,0x00000000bf780000)
 Metaspace       used 84200K, capacity 86291K, committed 95360K, reserved 1134592K
  class space    used 9399K, capacity 9865K, committed 11136K, reserved 1048576K
}

Deoptimization events (10 events):
Event: 6783.392 Thread 0x000000001ff92000 Uncommon trap: reason=bimorphic action=maybe_recompile pc=0x0000000007c776c8 method=org.jetbrains.kotlin.codegen.state.KotlinTypeMapper.forceBoxedReturnType(Lorg/jetbrains/kotlin/descriptors/FunctionDescriptor;)Z @ 44
Event: 6783.393 Thread 0x000000001ff92000 Uncommon trap: reason=bimorphic action=maybe_recompile pc=0x0000000007c776c8 method=org.jetbrains.kotlin.codegen.state.KotlinTypeMapper.forceBoxedReturnType(Lorg/jetbrains/kotlin/descriptors/FunctionDescriptor;)Z @ 44
Event: 6783.394 Thread 0x000000001ff92000 Uncommon trap: reason=class_check action=maybe_recompile pc=0x0000000008d39b38 method=java.util.Formatter$FormatSpecifier.printString(Ljava/lang/Object;Ljava/util/Locale;)V @ 98
Event: 6783.395 Thread 0x000000001ff92000 Uncommon trap: reason=class_check action=maybe_recompile pc=0x0000000007a6f2c8 method=org.jetbrains.kotlin.resolve.DescriptorUtils.isSubtypeOfClass(Lorg/jetbrains/kotlin/types/KotlinType;Lorg/jetbrains/kotlin/descriptors/DeclarationDescriptor;)Z @ 40
Event: 6783.395 Thread 0x000000001ff92000 Uncommon trap: reason=class_check action=maybe_recompile pc=0x0000000007a6f11c method=org.jetbrains.kotlin.resolve.DescriptorUtils.isSameClass(Lorg/jetbrains/kotlin/types/KotlinType;Lorg/jetbrains/kotlin/descriptors/DeclarationDescriptor;)Z @ 1
Event: 6783.395 Thread 0x000000001ff92000 Uncommon trap: reason=unstable_if action=reinterpret pc=0x0000000007a900c4 method=org.jetbrains.kotlin.resolve.MemberComparator$NameAndTypeMemberComparator.getDeclarationPriority(Lorg/jetbrains/kotlin/descriptors/DeclarationDescriptor;)I @ 4
Event: 6783.395 Thread 0x000000001ff92000 Uncommon trap: reason=unstable_if action=reinterpret pc=0x0000000007a6afc0 method=org.jetbrains.kotlin.resolve.MemberComparator$NameAndTypeMemberComparator.getDeclarationPriority(Lorg/jetbrains/kotlin/descriptors/DeclarationDescriptor;)I @ 4
Event: 6783.395 Thread 0x000000001ff92000 Uncommon trap: reason=unstable_if action=reinterpret pc=0x0000000009c5b844 method=org.jetbrains.kotlin.serialization.DescriptorSerializer.classProto(Lorg/jetbrains/kotlin/descriptors/ClassDescriptor;)Lorg/jetbrains/kotlin/serialization/ProtoBuf$Class$Buil
Event: 6783.554 Thread 0x000000001ff92000 Uncommon trap: reason=bimorphic action=maybe_recompile pc=0x00000000056845b8 method=java.io.DataOutputStream.writeShort(I)V @ 12
Event: 6783.559 Thread 0x000000001ff92000 Uncommon trap: reason=unstable_if action=reinterpret pc=0x0000000008df0818 method=org.jetbrains.kotlin.kapt3.stubs.KDocCommentKeeper$getDocTable$1.scan(Lcom/sun/tools/javac/tree/JCTree;)V @ 4

Classes redefined (0 events):
No events

Internal exceptions (10 events):
Event: 5758.798 Thread 0x000000001fe18800 Exception <a 'sun/nio/fs/WindowsException'> (0x00000000e75ee850) thrown at [D:\src\AOSP-openjdk-cygwin\jdk8u\hotspot\src\share\vm\prims\jni.cpp, line 709]
Event: 5758.829 Thread 0x000000001fe18800 Exception <a 'sun/nio/fs/WindowsException'> (0x00000000e7657638) thrown at [D:\src\AOSP-openjdk-cygwin\jdk8u\hotspot\src\share\vm\prims\jni.cpp, line 709]
Event: 5758.849 Thread 0x000000001fe18800 Exception <a 'sun/nio/fs/WindowsException'> (0x00000000e7669f88) thrown at [D:\src\AOSP-openjdk-cygwin\jdk8u\hotspot\src\share\vm\prims\jni.cpp, line 709]
Event: 5758.880 Thread 0x000000001fe18800 Exception <a 'sun/nio/fs/WindowsException'> (0x00000000e78028a0) thrown at [D:\src\AOSP-openjdk-cygwin\jdk8u\hotspot\src\share\vm\prims\jni.cpp, line 709]
Event: 5759.693 Thread 0x000000001fe1c000 Exception <a 'java/lang/InterruptedException'> (0x00000000e7cf3aa0) thrown at [D:\src\AOSP-openjdk-cygwin\jdk8u\hotspot\src\share\vm\runtime\objectMonitor.cpp, line 1684]
Event: 5760.055 Thread 0x000000001fe1e000 Exception <a 'java/lang/NoSuchMethodError': <clinit>> (0x00000000e0b9b398) thrown at [D:\src\AOSP-openjdk-cygwin\jdk8u\hotspot\src\share\vm\prims\jni.cpp, line 1613]
Event: 5760.209 Thread 0x000000001fe1e000 Exception <a 'java/lang/ClassNotFoundException': com/sun/org/glassfish/hk2/osgiresourcelocator/ServiceLoader> (0x00000000e4701eb0) thrown at [D:\src\AOSP-openjdk-cygwin\jdk8u\hotspot\src\share\vm\classfile\systemDictionary.cpp, line 210]
Event: 6780.647 Thread 0x000000001ff9b800 Exception <a 'java/lang/InterruptedException'> (0x00000000e625a140) thrown at [D:\src\AOSP-openjdk-cygwin\jdk8u\hotspot\src\share\vm\runtime\objectMonitor.cpp, line 1684]
Event: 6780.913 Thread 0x000000001ff92000 Implicit null exception at 0x0000000009880e07 to 0x00000000098832c5
Event: 6782.900 Thread 0x000000001ff92000 Implicit null exception at 0x0000000008ba8caa to 0x0000000008bb01c9

Events (10 events):
Event: 6783.635 loading class org/jetbrains/kotlin/kapt3/Kapt3ExtensionKt
Event: 6783.635 loading class org/jetbrains/kotlin/kapt3/Kapt3ExtensionKt done
Event: 6783.636 loading class org/jetbrains/kotlin/kapt3/PrettyWithWorkarounds
Event: 6783.636 loading class org/jetbrains/kotlin/kapt3/PrettyWithWorkarounds done
Event: 6783.636 loading class com/sun/tools/javac/tree/Pretty
Event: 6783.636 loading class com/sun/tools/javac/tree/Pretty done
Event: 6783.636 loading class org/jetbrains/kotlin/kapt3/PrettyWithWorkarounds$Companion
Event: 6783.636 loading class org/jetbrains/kotlin/kapt3/PrettyWithWorkarounds$Companion done
Event: 6783.638 loading class kotlin/io/FilesKt
Event: 6783.638 loading class kotlin/io/FilesKt done


Dynamic libraries:
0x00007ff7a51f0000 - 0x00007ff7a5221000 	C:\Program Files\Android\Android Studio\jre\jre\bin\java.exe
0x00007ffc6adc0000 - 0x00007ffc6afa0000 	C:\WINDOWS\SYSTEM32\ntdll.dll
0x00007ffc68570000 - 0x00007ffc6861e000 	C:\WINDOWS\System32\KERNEL32.DLL
0x00007ffc672c0000 - 0x00007ffc67526000 	C:\WINDOWS\System32\KERNELBASE.dll
0x00007ffc68410000 - 0x00007ffc684b1000 	C:\WINDOWS\System32\ADVAPI32.dll
0x00007ffc69830000 - 0x00007ffc698cd000 	C:\WINDOWS\System32\msvcrt.dll
0x00007ffc68890000 - 0x00007ffc688eb000 	C:\WINDOWS\System32\sechost.dll
0x00007ffc682f0000 - 0x00007ffc6840f000 	C:\WINDOWS\System32\RPCRT4.dll
0x00007ffc694d0000 - 0x00007ffc6965f000 	C:\WINDOWS\System32\USER32.dll
0x00007ffc67c80000 - 0x00007ffc67ca0000 	C:\WINDOWS\System32\win32u.dll
0x00007ffc688f0000 - 0x00007ffc68918000 	C:\WINDOWS\System32\GDI32.dll
0x00007ffc67f10000 - 0x00007ffc680a3000 	C:\WINDOWS\System32\gdi32full.dll
0x00007ffc67ca0000 - 0x00007ffc67d3b000 	C:\WINDOWS\System32\msvcp_win.dll
0x00007ffc68130000 - 0x00007ffc68226000 	C:\WINDOWS\System32\ucrtbase.dll
0x00007ffc566b0000 - 0x00007ffc56919000 	C:\WINDOWS\WinSxS\amd64_microsoft.windows.common-controls_6595b64144ccf1df_6.0.16299.371_none_15c7d1789365a290\COMCTL32.dll
0x00007ffc68a60000 - 0x00007ffc68d68000 	C:\WINDOWS\System32\combase.dll
0x00007ffc680b0000 - 0x00007ffc68122000 	C:\WINDOWS\System32\bcryptPrimitives.dll
0x00007ffc68920000 - 0x00007ffc6894d000 	C:\WINDOWS\System32\IMM32.DLL
0x000000006fd10000 - 0x000000006fde2000 	C:\Program Files\Android\Android Studio\jre\jre\bin\msvcr100.dll
0x000000006ef60000 - 0x000000006f79e000 	C:\Program Files\Android\Android Studio\jre\jre\bin\server\jvm.dll
0x00007ffc684c0000 - 0x00007ffc684c8000 	C:\WINDOWS\System32\PSAPI.DLL
0x00007ffc62b50000 - 0x00007ffc62b59000 	C:\WINDOWS\SYSTEM32\WSOCK32.dll
0x00007ffc5f2c0000 - 0x00007ffc5f2ca000 	C:\WINDOWS\SYSTEM32\VERSION.dll
0x00007ffc5ffd0000 - 0x00007ffc5fff3000 	C:\WINDOWS\SYSTEM32\WINMM.dll
0x00007ffc6ad20000 - 0x00007ffc6ad8c000 	C:\WINDOWS\System32\WS2_32.dll
0x00007ffc5ff70000 - 0x00007ffc5ff9a000 	C:\WINDOWS\SYSTEM32\WINMMBASE.dll
0x00007ffc67270000 - 0x00007ffc672ba000 	C:\WINDOWS\System32\cfgmgr32.dll
0x00007ffc4cde0000 - 0x00007ffc4cdef000 	C:\Program Files\Android\Android Studio\jre\jre\bin\verify.dll
0x00007ffc3b0c0000 - 0x00007ffc3b0e9000 	C:\Program Files\Android\Android Studio\jre\jre\bin\java.dll
0x00007ffc3b0a0000 - 0x00007ffc3b0b6000 	C:\Program Files\Android\Android Studio\jre\jre\bin\zip.dll
0x00007ffc698e0000 - 0x00007ffc6ad16000 	C:\WINDOWS\System32\SHELL32.dll
0x00007ffc68690000 - 0x00007ffc68736000 	C:\WINDOWS\System32\shcore.dll
0x00007ffc67530000 - 0x00007ffc67c77000 	C:\WINDOWS\System32\windows.storage.dll
0x00007ffc68630000 - 0x00007ffc68681000 	C:\WINDOWS\System32\shlwapi.dll
0x00007ffc67180000 - 0x00007ffc67191000 	C:\WINDOWS\System32\kernel.appcore.dll
0x00007ffc67130000 - 0x00007ffc6717c000 	C:\WINDOWS\System32\powrprof.dll
0x00007ffc67110000 - 0x00007ffc6712b000 	C:\WINDOWS\System32\profapi.dll
0x00007ffc5b5d0000 - 0x00007ffc5b5dd000 	C:\Program Files\Android\Android Studio\jre\jre\bin\management.dll
0x00007ffc34a40000 - 0x00007ffc34a5a000 	C:\Program Files\Android\Android Studio\jre\jre\bin\net.dll
0x00007ffc669a0000 - 0x00007ffc66a06000 	C:\WINDOWS\system32\mswsock.dll
0x00007ffc3c4b0000 - 0x00007ffc3c4c1000 	C:\Program Files\Android\Android Studio\jre\jre\bin\nio.dll
0x00007ffc66b60000 - 0x00007ffc66b77000 	C:\WINDOWS\SYSTEM32\CRYPTSP.dll
0x00007ffc665a0000 - 0x00007ffc665d3000 	C:\WINDOWS\system32\rsaenh.dll
0x00007ffc66c70000 - 0x00007ffc66c95000 	C:\WINDOWS\SYSTEM32\bcrypt.dll
0x00007ffc67040000 - 0x00007ffc67069000 	C:\WINDOWS\SYSTEM32\USERENV.dll
0x00007ffc66b80000 - 0x00007ffc66b8b000 	C:\WINDOWS\SYSTEM32\CRYPTBASE.dll
0x00007ffc66730000 - 0x00007ffc66769000 	C:\WINDOWS\SYSTEM32\IPHLPAPI.DLL
0x00007ffc68620000 - 0x00007ffc68628000 	C:\WINDOWS\System32\NSI.dll
0x00007ffc5f2d0000 - 0x00007ffc5f2e6000 	C:\WINDOWS\SYSTEM32\dhcpcsvc6.DLL
0x00007ffc5f250000 - 0x00007ffc5f26a000 	C:\WINDOWS\SYSTEM32\dhcpcsvc.DLL

VM Arguments:
jvm_args: -Djava.awt.headless=true -Djava.rmi.server.hostname=localhost -Xmx1536m -Dkotlin.environment.keepalive 
java_command: org.jetbrains.kotlin.daemon.KotlinCompileDaemon --daemon-runFilesPath C:\Users\Deividas\AppData\Local\kotlin\daemon --daemon-autoshutdownIdleSeconds=7200 --daemon-compilerClasspath C:\Users\Deividas\.gradle\caches\modules-2\files-2.1\org.jetbrains.kotlin\kotlin-compiler-embeddable\1.2.30\9b3f10d4717b9ac238b287e9b6eb2b4eadd8e870\kotlin-compiler-embeddable-1.2.30.jar;C:\Users\Deividas\.gradle\caches\modules-2\files-2.1\org.jetbrains.kotlin\kotlin-stdlib\1.2.30\2dfac33f8b4e92c9dd1422cd286834701a6f6d6\kotlin-stdlib-1.2.30.jar;C:\Users\Deividas\.gradle\caches\modules-2\files-2.1\org.jetbrains.kotlin\kotlin-script-runtime\1.2.30\37ee7531a636e99b639f8b1544cdda27d0ee30b0\kotlin-script-runtime-1.2.30.jar;C:\Users\Deividas\.gradle\caches\modules-2\files-2.1\org.jetbrains.kotlin\kotlin-reflect\1.2.30\9758025a415ee400e1f90ff222bcfec247779133\kotlin-reflect-1.2.30.jar;C:\Program Files\Android\Android Studio\jre\lib\tools.jar
java_class_path (initial): C:\Users\Deividas\.gradle\caches\modules-2\files-2.1\org.jetbrains.kotlin\kotlin-compiler-embeddable\1.2.30\9b3f10d4717b9ac238b287e9b6eb2b4eadd8e870\kotlin-compiler-embeddable-1.2.30.jar;C:\Users\Deividas\.gradle\caches\modules-2\files-2.1\org.jetbrains.kotlin\kotlin-stdlib\1.2.30\2dfac33f8b4e92c9dd1422cd286834701a6f6d6\kotlin-stdlib-1.2.30.jar;C:\Users\Deividas\.gradle\caches\modules-2\files-2.1\org.jetbrains.kotlin\kotlin-script-runtime\1.2.30\37ee7531a636e99b639f8b1544cdda27d0ee30b0\kotlin-script-runtime-1.2.30.jar;C:\Users\Deividas\.gradle\caches\modules-2\files-2.1\org.jetbrains.kotlin\kotlin-reflect\1.2.30\9758025a415ee400e1f90ff222bcfec247779133\kotlin-reflect-1.2.30.jar;C:\Program Files\Android\Android Studio\jre\lib\tools.jar
Launcher Type: SUN_STANDARD

Environment Variables:
PATH=C:\ProgramData\Oracle\Java\javapath;C:\Windows\system32;C:\Windows;C:\Windows\System32\Wbem;C:\Windows\System32\WindowsPowerShell\v1.0\;C:\Program Files (x86)\NVIDIA Corporation\PhysX\Common;C:\Program Files\Java\jdk1.8.0_111\bin;C:\Program Files\Microsoft SQL Server\130\Tools\Binn\;S:\Programs\Git\cmd;C:\Program Files\nodejs\;C:\Program Files (x86)\Windows Kits\8.1\Windows Performance Toolkit\;C:\Program Files\dotnet\;C:\Program Files (x86)\Microsoft SQL Server\Client SDK\ODBC\130\Tools\Binn\;C:\Program Files (x86)\Microsoft SQL Server\130\Tools\Binn\;C:\Program Files (x86)\Microsoft SQL Server\130\DTS\Binn\;C:\Program Files (x86)\Microsoft SQL Server\130\Tools\Binn\ManagementStudio\;S:\Programs\Putty\;C:\Program Files (x86)\Skype\Phone\;S:\Programs\Brackets\command;S:\xampp\php;C:\ProgramData\ComposerSetup\bin;C:\WINDOWS\system32;C:\WINDOWS;C:\WINDOWS\System32\Wbem;C:\WINDOWS\System32\WindowsPowerShell\v1.0\;S:\Programs\TortoseGit\bin;S:\Programs\GitExtension\;C:\Program Files\MySQL\MySQL Utilities 1.6\;C:\Users\Deividas\AppData\Local\Microsoft\WindowsApps;C:\Program Files\Java\jdk1.8.0_111\bin;C:\Users\Deividas\AppData\Roaming\npm;S:\Programs\Microsoft VS Code\bin;C:\Users\Deividas\AppData\Local\.meteor\;C:\Program Files\MongoDB\Server\3.4\bin;C:\sqlite;C:\Users\Deividas\AppData\Roaming\Composer\vendor\bin;
USERNAME=Deividas
OS=Windows_NT
PROCESSOR_IDENTIFIER=Intel64 Family 6 Model 60 Stepping 3, GenuineIntel



---------------  S Y S T E M  ---------------

OS: Windows 10.0 , 64 bit Build 16299 (10.0.16299.15)

CPU:total 8 (initial active 8) (4 cores per cpu, 2 threads per core) family 6 model 60 stepping 3, cmov, cx8, fxsr, mmx, sse, sse2, sse3, ssse3, sse4.1, sse4.2, popcnt, avx, avx2, aes, clmul, erms, lzcnt, ht, tsc, tscinvbit, bmi1, bmi2

Memory: 4k page, physical 16654616k(3997676k free), swap 17703192k(4184k free)

vm_info: OpenJDK 64-Bit Server VM (25.152-b01) for windows-amd64 JRE (1.8.0_152-release-915-b01), built by "builder" with MS VC++ 10.0 (VS2010)

time: Wed Apr 25 21:49:45 2018
elapsed time: 6783 seconds (0d 1h 53m 3s)

